<?xml version="1.0" encoding="UTF-8"?>
<testsuite xmlns:xsi="http://www.w3.org/2001/XMLSchema-instance" xsi:noNamespaceSchemaLocation="https://maven.apache.org/surefire/maven-surefire-plugin/xsd/surefire-test-report.xsd" version="3.0.2" name="com.athletixsport.prytofinalmdw.PrytofinalmdwApplicationTests" time="7.365" tests="1" errors="0" skipped="0" failures="0">
  <properties>
[...]
</properties>
  <testcase name="contextLoads" classname="com.athletixsport.prytofinalmdw.PrytofinalmdwApplicationTests" time="1.561">
    <system-out><![CDATA[19:46:44.509 [main] INFO org.springframework.test.context.support.AnnotationConfigContextLoaderUtils -- Could not detect default configuration classes for test class [com.athletixsport.prytofinalmdw.PrytofinalmdwApplicationTests]: PrytofinalmdwApplicationTests does not declare any static, non-private, non-final, nested classes annotated with @Configuration.
19:46:44.823 [main] INFO org.springframework.boot.test.context.SpringBootTestContextBootstrapper -- Found @SpringBootConfiguration com.athletixsport.prytofinalmdw.PrytofinalmdwApplication for test class com.athletixsport.prytofinalmdw.PrytofinalmdwApplicationTests
19:46:45.217 [main] INFO org.springframework.boot.devtools.restart.RestartApplicationListener -- Restart disabled due to context in which it is running

  .   ____          _            __ _ _
 /\\ / ___'_ __ _ _(_)_ __  __ _ \ \ \ \
( ( )\___ | '_ | '_| | '_ \/ _` | \ \ \ \
 \\/  ___)| |_)| | | | | || (_| |  ) ) ) )
  '  |____| .__|_| |_|_| |_\__, | / / / /
 =========|_|==============|___/=/_/_/_/

 :: Spring Boot ::                (v3.4.5)

2025-10-01T19:46:46.179-05:00  INFO 29168 --- [prytofinalmdw] [           main] c.a.p.PrytofinalmdwApplicationTests      : Starting PrytofinalmdwApplicationTests using Java 24.0.1 with PID 29168 (started by USER in C:\Users\USER\Desktop\prytofinalmdw.3\prytofinalmdw.3)
2025-10-01T19:46:46.182-05:00  INFO 29168 --- [prytofinalmdw] [           main] c.a.p.PrytofinalmdwApplicationTests      : No active profile set, falling back to 1 default profile: "default"
2025-10-01T19:46:48.999-05:00  INFO 29168 --- [prytofinalmdw] [           main] o.s.b.a.w.s.WelcomePageHandlerMapping    : Adding welcome page template: index
2025-10-01T19:46:49.923-05:00  INFO 29168 --- [prytofinalmdw] [           main] c.a.p.PrytofinalmdwApplicationTests      : Started PrytofinalmdwApplicationTests in 4.735 seconds (process running for 7.582)
]]></system-out>
    <system-err><![CDATA[Mockito is currently self-attaching to enable the inline-mock-maker. This will no longer work in future releases of the JDK. Please add Mockito as an agent to your build what is described in Mockito's documentation: https://javadoc.io/doc/org.mockito/mockito-core/latest/org/mockito/Mockito.html#0.3
WARNING: A Java agent has been loaded dynamically (C:\Users\USER\.m2\repository\net\bytebuddy\byte-buddy-agent\1.15.11\byte-buddy-agent-1.15.11.jar)
WARNING: If a serviceability tool is in use, please run with -XX:+EnableDynamicAgentLoading to hide this warning
WARNING: If a serviceability tool is not in use, please run with -Djdk.instrument.traceUsage for more information
WARNING: Dynamic loading of agents will be disallowed by default in a future release
]]></system-err>
  </testcase>
</testsuite>